2014-10-15 14:38:42,733 [main][][ANONYMOUS] INFO  stdout - logs
2014-10-15 14:38:42,742 [main][][ANONYMOUS] INFO  stdout - logs\foo.log
2014-10-15 14:38:42,747 [main][][ANONYMOUS] INFO  stdout - logs\logFile.log
2014-10-15 14:38:42,747 [main][][ANONYMOUS] INFO  stdout - logs\logFile_2014-10-15-14-38-42.log
2014-10-15 14:38:42,748 [main][][ANONYMOUS] INFO  stdout - logs\mylog.txt
2014-10-15 14:39:21,683 [main][][ANONYMOUS] INFO  stdout - logs
2014-10-15 14:39:21,691 [main][][ANONYMOUS] INFO  stdout - logs\foo.log
2014-10-15 14:39:21,696 [main][][ANONYMOUS] INFO  stdout - logs\logFile.log
2014-10-15 14:39:21,697 [main][][ANONYMOUS] INFO  stdout - logs\logFile_2014-10-15-14-38-42.log
2014-10-15 14:39:21,699 [main][][ANONYMOUS] INFO  stdout - logs\logFile_2014-10-15-14-39-21.log
2014-10-15 14:39:21,700 [main][][ANONYMOUS] INFO  stdout - logs\mylog.txt
2014-10-15 14:42:05,321 [main][][ANONYMOUS] INFO  stdout - logs
2014-10-15 14:42:05,330 [main][][ANONYMOUS] INFO  stdout - logs\foo.log
2014-10-15 14:42:05,335 [main][][ANONYMOUS] INFO  stdout - logs\logFile.log
2014-10-15 14:42:05,336 [main][][ANONYMOUS] INFO  stdout - logs\logFile_2014-10-15-14-39-21.log
2014-10-15 14:42:05,348 [main][][ANONYMOUS] INFO  stdout - logs\logFile_2014-10-15-14-42-05.log
2014-10-15 14:42:05,349 [main][][ANONYMOUS] INFO  stdout - logs\mylog-2014-10-15-14-42-05.0.txt
2014-10-15 14:44:08,790 [main][][ANONYMOUS] INFO  stdout - logs
2014-10-15 14:44:08,799 [main][][ANONYMOUS] INFO  stdout - logs\foo.log
2014-10-15 14:44:08,804 [main][][ANONYMOUS] INFO  stdout - logs\logFile.log
2014-10-15 14:44:08,805 [main][][ANONYMOUS] INFO  stdout - logs\logFile_2014-10-15-14-42-05.log
2014-10-15 14:44:08,808 [main][][ANONYMOUS] INFO  stdout - logs\logFile_2014-10-15-14-44-08.log
2014-10-15 14:44:08,809 [main][][ANONYMOUS] INFO  stdout - logs\mylog-2014-10-15-14-42-05.0.txt
2014-10-15 14:44:08,810 [main][][ANONYMOUS] INFO  stdout - logs\mylog-2014-10-15-14-42-05.1.txt
2014-10-15 14:44:08,810 [main][][ANONYMOUS] INFO  stdout - logs\mylog-2014-10-15-14-42-05.2.txt
2014-10-15 14:44:08,827 [main][][ANONYMOUS] INFO  stdout - logs\mylog-2014-10-15-14-42-05.3.txt
2014-10-15 14:44:08,828 [main][][ANONYMOUS] INFO  stdout - logs\mylog-2014-10-15-14-42-05.4.txt
2014-10-15 14:44:08,828 [main][][ANONYMOUS] INFO  stdout - logs\mylog-2014-10-15-14-42-06.0.txt
2014-10-15 14:44:08,829 [main][][ANONYMOUS] INFO  stdout - logs\mylog-2014-10-15-14-42-06.1.txt
2014-10-15 14:44:08,829 [main][][ANONYMOUS] INFO  stdout - logs\mylog-2014-10-15-14-42-06.2.txt
2014-10-15 14:44:08,830 [main][][ANONYMOUS] INFO  stdout - logs\mylog-2014-10-15-14-42-06.3.txt
2014-10-15 14:44:08,830 [main][][ANONYMOUS] INFO  stdout - logs\mylog-2014-10-15-14-44-08.0
2014-10-15 14:48:35,970 [main][][ANONYMOUS] INFO  stdout - logs
2014-10-15 14:48:35,979 [main][][ANONYMOUS] INFO  stdout - logs\foo.log
2014-10-15 14:48:35,983 [main][][ANONYMOUS] INFO  stdout - logs\logFile.log
2014-10-15 14:48:35,984 [main][][ANONYMOUS] INFO  stdout - logs\logFile_2014-10-15-14-44-08.log
2014-10-15 14:48:35,989 [main][][ANONYMOUS] INFO  stdout - logs\logFile_2014-10-15-14-48-35.log
2014-10-15 14:48:35,990 [main][][ANONYMOUS] INFO  stdout - logs\mylog-2014-10-15-14-44-08.0.gz
2014-10-15 14:48:35,991 [main][][ANONYMOUS] INFO  stdout - logs\mylog-2014-10-15-14-44-09.0.gz
2014-10-15 14:48:35,991 [main][][ANONYMOUS] INFO  stdout - logs\mylog-2014-10-15-14-44-09.1.gz
2014-10-15 14:48:35,991 [main][][ANONYMOUS] INFO  stdout - logs\mylog-2014-10-15-14-44-09.2.gz
2014-10-15 14:48:35,992 [main][][ANONYMOUS] INFO  stdout - logs\mylog-2014-10-15-14-44-09.3.gz
2014-10-15 14:48:35,992 [main][][ANONYMOUS] INFO  stdout - logs\mylog-2014-10-15-14-44-09.4.gz
2014-10-15 14:48:35,992 [main][][ANONYMOUS] INFO  stdout - logs\mylog-2014-10-15-14-44-09.5.gz
2014-10-15 14:48:35,993 [main][][ANONYMOUS] INFO  stdout - logs\mylog-2014-10-15-14-44-09.6.gz
2014-10-15 14:48:35,993 [main][][ANONYMOUS] INFO  stdout - logs\mylog-2014-10-15-14-44-10.0
2014-10-15 14:48:35,994 [main][][ANONYMOUS] INFO  stdout - logs\mylog.log
